Started GET "/" for ::1 at 2019-12-21 20:23:33 +0000
Processing by Rails::WelcomeController#index as HTML
  Rendering /Users/matthew/.rvm/gems/ruby-2.6.5/gems/railties-5.1.7/lib/rails/templates/rails/welcome/index.html.erb
  Rendered /Users/matthew/.rvm/gems/ruby-2.6.5/gems/railties-5.1.7/lib/rails/templates/rails/welcome/index.html.erb (2.6ms)
Completed 200 OK in 154ms (Views: 6.3ms)


  [1m[35m (0.1ms)[0m  [1m[34mSELECT sqlite_version(*)[0m
  [1m[35m (1.0ms)[0m  [1m[35mCREATE TABLE "schema_migrations" ("version" varchar NOT NULL PRIMARY KEY)[0m
  [1m[35m (1.0ms)[0m  [1m[35mCREATE TABLE "ar_internal_metadata" ("key" varchar NOT NULL PRIMARY KEY, "value" varchar, "created_at" datetime NOT NULL, "updated_at" datetime NOT NULL)[0m
  [1m[35m (0.1ms)[0m  [1m[34mSELECT "schema_migrations"."version" FROM "schema_migrations" ORDER BY "schema_migrations"."version" ASC[0m
Migrating to CreateUsers (20191221202751)
  [1m[35m (0.0ms)[0m  [1m[36mbegin transaction[0m
  [1m[35m (0.4ms)[0m  [1m[35mCREATE TABLE "users" ("id" INTEGER PRIMARY KEY AUTOINCREMENT NOT NULL, "username" varchar, "first_name" varchar, "last_name" varchar, "age" integer)[0m
  [1m[35mSQL (0.2ms)[0m  [1m[32mINSERT INTO "schema_migrations" ("version") VALUES (?)[0m  [["version", "20191221202751"]]
  [1m[35m (0.7ms)[0m  [1m[36mcommit transaction[0m
Migrating to CreateTestSessions (20191221202810)
  [1m[35m (0.0ms)[0m  [1m[36mbegin transaction[0m
  [1m[35m (0.7ms)[0m  [1m[35mCREATE TABLE "test_sessions" ("id" INTEGER PRIMARY KEY AUTOINCREMENT NOT NULL, "user_id" integer, "test_id" integer)[0m
  [1m[35mSQL (0.2ms)[0m  [1m[32mINSERT INTO "schema_migrations" ("version") VALUES (?)[0m  [["version", "20191221202810"]]
  [1m[35m (0.6ms)[0m  [1m[36mcommit transaction[0m
Migrating to CreateTests (20191221202821)
  [1m[35m (0.0ms)[0m  [1m[36mbegin transaction[0m
  [1m[35m (0.5ms)[0m  [1m[35mCREATE TABLE "tests" ("id" INTEGER PRIMARY KEY AUTOINCREMENT NOT NULL, "content" varchar, "language" varchar, "difficulty" varchar)[0m
  [1m[35mSQL (0.1ms)[0m  [1m[32mINSERT INTO "schema_migrations" ("version") VALUES (?)[0m  [["version", "20191221202821"]]
  [1m[35m (0.6ms)[0m  [1m[36mcommit transaction[0m
Migrating to CreateReports (20191221202834)
  [1m[35m (0.0ms)[0m  [1m[36mbegin transaction[0m
  [1m[35m (0.4ms)[0m  [1m[35mCREATE TABLE "reports" ("id" INTEGER PRIMARY KEY AUTOINCREMENT NOT NULL, "test_session_id" integer, "grade" integer, "improvements" varchar)[0m
  [1m[35mSQL (14.6ms)[0m  [1m[32mINSERT INTO "schema_migrations" ("version") VALUES (?)[0m  [["version", "20191221202834"]]
  [1m[35m (0.7ms)[0m  [1m[36mcommit transaction[0m
  [1m[36mActiveRecord::InternalMetadata Load (0.1ms)[0m  [1m[34mSELECT  "ar_internal_metadata".* FROM "ar_internal_metadata" WHERE "ar_internal_metadata"."key" = ? LIMIT ?[0m  [["key", "environment"], ["LIMIT", 1]]
  [1m[35m (0.0ms)[0m  [1m[36mbegin transaction[0m
  [1m[35mSQL (0.3ms)[0m  [1m[32mINSERT INTO "ar_internal_metadata" ("key", "value", "created_at", "updated_at") VALUES (?, ?, ?, ?)[0m  [["key", "environment"], ["value", "development"], ["created_at", "2019-12-21 20:31:33.908507"], ["updated_at", "2019-12-21 20:31:33.908507"]]
  [1m[35m (0.6ms)[0m  [1m[36mcommit transaction[0m
  [1m[35m (0.1ms)[0m  [1m[34mSELECT "schema_migrations"."version" FROM "schema_migrations" ORDER BY "schema_migrations"."version" ASC[0m
Started GET "/" for ::1 at 2019-12-21 21:21:52 +0000
  [1m[35m (0.1ms)[0m  [1m[34mSELECT "schema_migrations"."version" FROM "schema_migrations" ORDER BY "schema_migrations"."version" ASC[0m
Processing by Rails::WelcomeController#index as HTML
  Rendering /Users/matthew/.rvm/gems/ruby-2.6.5/gems/railties-5.1.7/lib/rails/templates/rails/welcome/index.html.erb
  Rendered /Users/matthew/.rvm/gems/ruby-2.6.5/gems/railties-5.1.7/lib/rails/templates/rails/welcome/index.html.erb (1.7ms)
Completed 200 OK in 3ms (Views: 2.5ms | ActiveRecord: 0.0ms)


Started GET "/" for ::1 at 2019-12-21 21:22:35 +0000
Processing by Rails::WelcomeController#index as HTML
  Rendering /Users/matthew/.rvm/gems/ruby-2.6.5/gems/railties-5.1.7/lib/rails/templates/rails/welcome/index.html.erb
  Rendered /Users/matthew/.rvm/gems/ruby-2.6.5/gems/railties-5.1.7/lib/rails/templates/rails/welcome/index.html.erb (1.9ms)
Completed 200 OK in 4ms (Views: 2.8ms | ActiveRecord: 0.0ms)


Started GET "/" for ::1 at 2019-12-21 21:22:36 +0000
Processing by Rails::WelcomeController#index as HTML
  Rendering /Users/matthew/.rvm/gems/ruby-2.6.5/gems/railties-5.1.7/lib/rails/templates/rails/welcome/index.html.erb
  Rendered /Users/matthew/.rvm/gems/ruby-2.6.5/gems/railties-5.1.7/lib/rails/templates/rails/welcome/index.html.erb (1.9ms)
Completed 200 OK in 4ms (Views: 2.9ms | ActiveRecord: 0.0ms)


  [1m[35m (0.1ms)[0m  [1m[34mSELECT "schema_migrations"."version" FROM "schema_migrations" ORDER BY "schema_migrations"."version" ASC[0m
  [1m[35m (0.1ms)[0m  [1m[34mSELECT "schema_migrations"."version" FROM "schema_migrations" ORDER BY "schema_migrations"."version" ASC[0m
  [1m[35m (0.1ms)[0m  [1m[36mbegin transaction[0m
  [1m[35mSQL (0.5ms)[0m  [1m[32mINSERT INTO "users" ("username", "first_name", "last_name") VALUES (?, ?, ?)[0m  [["username", "MattC"], ["first_name", "Matthew"], ["last_name", "Clark"]]
  [1m[35m (0.6ms)[0m  [1m[36mcommit transaction[0m
  [1m[35m (0.0ms)[0m  [1m[36mbegin transaction[0m
  [1m[35mSQL (0.3ms)[0m  [1m[32mINSERT INTO "users" ("username", "first_name", "last_name") VALUES (?, ?, ?)[0m  [["username", "Charles"], ["first_name", "Sergey"], ["last_name", "Dmitriev"]]
  [1m[35m (0.5ms)[0m  [1m[36mcommit transaction[0m
  [1m[35m (0.1ms)[0m  [1m[34mSELECT "schema_migrations"."version" FROM "schema_migrations" ORDER BY "schema_migrations"."version" ASC[0m
  [1m[35m (0.1ms)[0m  [1m[36mbegin transaction[0m
  [1m[35mSQL (0.5ms)[0m  [1m[32mINSERT INTO "users" ("username", "first_name", "last_name") VALUES (?, ?, ?)[0m  [["username", "MattC"], ["first_name", "Matthew"], ["last_name", "Clark"]]
  [1m[35m (2.5ms)[0m  [1m[36mcommit transaction[0m
  [1m[35m (0.0ms)[0m  [1m[36mbegin transaction[0m
  [1m[35mSQL (0.4ms)[0m  [1m[32mINSERT INTO "users" ("username", "first_name", "last_name") VALUES (?, ?, ?)[0m  [["username", "Charles"], ["first_name", "Sergey"], ["last_name", "Dmitriev"]]
  [1m[35m (0.6ms)[0m  [1m[36mcommit transaction[0m
  [1m[35m (0.0ms)[0m  [1m[36mbegin transaction[0m
  [1m[35mSQL (0.3ms)[0m  [1m[32mINSERT INTO "tests" ("content", "language", "difficulty") VALUES (?, ?, ?)[0m  [["content", "Content for keyboard test"], ["language", "English"], ["difficulty", "Easy"]]
  [1m[35m (0.7ms)[0m  [1m[36mcommit transaction[0m
  [1m[35m (0.0ms)[0m  [1m[36mbegin transaction[0m
  [1m[35mSQL (0.3ms)[0m  [1m[32mINSERT INTO "tests" ("content", "language", "difficulty") VALUES (?, ?, ?)[0m  [["content", "Content for another test"], ["language", "Russian"], ["difficulty", "Medium"]]
  [1m[35m (0.5ms)[0m  [1m[36mcommit transaction[0m
  [1m[35m (0.0ms)[0m  [1m[36mbegin transaction[0m
  [1m[36mUser Load (0.1ms)[0m  [1m[34mSELECT  "users".* FROM "users" WHERE "users"."id" = ? LIMIT ?[0m  [["id", 3], ["LIMIT", 1]]
  [1m[36mTest Load (0.1ms)[0m  [1m[34mSELECT  "tests".* FROM "tests" WHERE "tests"."id" = ? LIMIT ?[0m  [["id", 1], ["LIMIT", 1]]
  [1m[35mSQL (0.3ms)[0m  [1m[32mINSERT INTO "test_sessions" ("user_id", "test_id") VALUES (?, ?)[0m  [["user_id", 3], ["test_id", 1]]
  [1m[35m (0.6ms)[0m  [1m[36mcommit transaction[0m
  [1m[35m (0.0ms)[0m  [1m[36mbegin transaction[0m
  [1m[36mUser Load (0.1ms)[0m  [1m[34mSELECT  "users".* FROM "users" WHERE "users"."id" = ? LIMIT ?[0m  [["id", 4], ["LIMIT", 1]]
  [1m[36mTest Load (0.0ms)[0m  [1m[34mSELECT  "tests".* FROM "tests" WHERE "tests"."id" = ? LIMIT ?[0m  [["id", 2], ["LIMIT", 1]]
  [1m[35mSQL (0.2ms)[0m  [1m[32mINSERT INTO "test_sessions" ("user_id", "test_id") VALUES (?, ?)[0m  [["user_id", 4], ["test_id", 2]]
  [1m[35m (0.6ms)[0m  [1m[36mcommit transaction[0m
  [1m[35m (0.0ms)[0m  [1m[36mbegin transaction[0m
  [1m[36mTestSession Load (0.1ms)[0m  [1m[34mSELECT  "test_sessions".* FROM "test_sessions" WHERE "test_sessions"."id" = ? LIMIT ?[0m  [["id", 1], ["LIMIT", 1]]
  [1m[35mSQL (0.2ms)[0m  [1m[32mINSERT INTO "reports" ("test_session_id", "grade", "improvements") VALUES (?, ?, ?)[0m  [["test_session_id", 1], ["grade", 100], ["improvements", "Speed, accuracy"]]
  [1m[35m (0.6ms)[0m  [1m[36mcommit transaction[0m
  [1m[35m (0.0ms)[0m  [1m[36mbegin transaction[0m
  [1m[36mTestSession Load (0.1ms)[0m  [1m[34mSELECT  "test_sessions".* FROM "test_sessions" WHERE "test_sessions"."id" = ? LIMIT ?[0m  [["id", 2], ["LIMIT", 1]]
  [1m[35mSQL (0.3ms)[0m  [1m[32mINSERT INTO "reports" ("test_session_id", "grade", "improvements") VALUES (?, ?, ?)[0m  [["test_session_id", 2], ["grade", 86], ["improvements", "Puctuation, accuracy"]]
  [1m[35m (0.6ms)[0m  [1m[36mcommit transaction[0m
  [1m[36mUser Load (0.1ms)[0m  [1m[34mSELECT  "users".* FROM "users" ORDER BY "users"."id" ASC LIMIT ?[0m  [["LIMIT", 1]]
  [1m[36mUser Load (0.2ms)[0m  [1m[34mSELECT  "users".* FROM "users" ORDER BY "users"."id" ASC LIMIT ?[0m  [["LIMIT", 1]]
  [1m[36mTest Load (0.1ms)[0m  [1m[34mSELECT  "tests".* FROM "tests" INNER JOIN "test_sessions" ON "tests"."id" = "test_sessions"."test_id" WHERE "test_sessions"."user_id" = ? LIMIT ?[0m  [["user_id", 1], ["LIMIT", 11]]
  [1m[35m (0.1ms)[0m  [1m[34mSELECT "schema_migrations"."version" FROM "schema_migrations" ORDER BY "schema_migrations"."version" ASC[0m
  [1m[35m (0.1ms)[0m  [1m[34mSELECT "ar_internal_metadata"."value" FROM "ar_internal_metadata" WHERE "ar_internal_metadata"."key" = ?[0m  [["key", "environment"]]
  [1m[35m (0.1ms)[0m  [1m[34mSELECT "schema_migrations"."version" FROM "schema_migrations" ORDER BY "schema_migrations"."version" ASC[0m
  [1m[35m (0.1ms)[0m  [1m[34mSELECT "ar_internal_metadata"."value" FROM "ar_internal_metadata" WHERE "ar_internal_metadata"."key" = ?[0m  [["key", "environment"]]
  [1m[35m (0.1ms)[0m  [1m[34mSELECT "schema_migrations"."version" FROM "schema_migrations" ORDER BY "schema_migrations"."version" ASC[0m
  [1m[35m (0.1ms)[0m  [1m[34mSELECT "ar_internal_metadata"."value" FROM "ar_internal_metadata" WHERE "ar_internal_metadata"."key" = ?[0m  [["key", "environment"]]
  [1m[35m (0.1ms)[0m  [1m[34mSELECT sqlite_version(*)[0m
  [1m[35m (3.0ms)[0m  [1m[35mCREATE TABLE "schema_migrations" ("version" varchar NOT NULL PRIMARY KEY)[0m
  [1m[35m (0.9ms)[0m  [1m[35mCREATE TABLE "ar_internal_metadata" ("key" varchar NOT NULL PRIMARY KEY, "value" varchar, "created_at" datetime NOT NULL, "updated_at" datetime NOT NULL)[0m
  [1m[35m (0.1ms)[0m  [1m[34mSELECT "schema_migrations"."version" FROM "schema_migrations" ORDER BY "schema_migrations"."version" ASC[0m
Migrating to CreateUsers (20191221202751)
  [1m[35m (0.0ms)[0m  [1m[36mbegin transaction[0m
  [1m[35m (0.4ms)[0m  [1m[35mCREATE TABLE "users" ("id" INTEGER PRIMARY KEY AUTOINCREMENT NOT NULL, "username" varchar, "first_name" varchar, "last_name" varchar, "age" integer)[0m
  [1m[35mSQL (0.1ms)[0m  [1m[32mINSERT INTO "schema_migrations" ("version") VALUES (?)[0m  [["version", "20191221202751"]]
  [1m[35m (0.7ms)[0m  [1m[36mcommit transaction[0m
Migrating to CreateTestSessions (20191221202810)
  [1m[35m (0.0ms)[0m  [1m[36mbegin transaction[0m
  [1m[35m (0.4ms)[0m  [1m[35mCREATE TABLE "test_sessions" ("id" INTEGER PRIMARY KEY AUTOINCREMENT NOT NULL, "user_id" integer, "test_id" integer)[0m
  [1m[35mSQL (0.1ms)[0m  [1m[32mINSERT INTO "schema_migrations" ("version") VALUES (?)[0m  [["version", "20191221202810"]]
  [1m[35m (0.6ms)[0m  [1m[36mcommit transaction[0m
Migrating to CreateTests (20191221202821)
  [1m[35m (0.0ms)[0m  [1m[36mbegin transaction[0m
  [1m[35m (0.5ms)[0m  [1m[35mCREATE TABLE "tests" ("id" INTEGER PRIMARY KEY AUTOINCREMENT NOT NULL, "content" varchar, "language" varchar, "difficulty" varchar)[0m
  [1m[35mSQL (0.2ms)[0m  [1m[32mINSERT INTO "schema_migrations" ("version") VALUES (?)[0m  [["version", "20191221202821"]]
  [1m[35m (0.7ms)[0m  [1m[36mcommit transaction[0m
Migrating to CreateReports (20191221202834)
  [1m[35m (0.0ms)[0m  [1m[36mbegin transaction[0m
  [1m[35m (0.3ms)[0m  [1m[35mCREATE TABLE "reports" ("id" INTEGER PRIMARY KEY AUTOINCREMENT NOT NULL, "test_session_id" integer, "grade" integer, "improvements" varchar)[0m
  [1m[35mSQL (0.1ms)[0m  [1m[32mINSERT INTO "schema_migrations" ("version") VALUES (?)[0m  [["version", "20191221202834"]]
  [1m[35m (0.7ms)[0m  [1m[36mcommit transaction[0m
  [1m[36mActiveRecord::InternalMetadata Load (0.1ms)[0m  [1m[34mSELECT  "ar_internal_metadata".* FROM "ar_internal_metadata" WHERE "ar_internal_metadata"."key" = ? LIMIT ?[0m  [["key", "environment"], ["LIMIT", 1]]
  [1m[35m (0.0ms)[0m  [1m[36mbegin transaction[0m
  [1m[35mSQL (0.3ms)[0m  [1m[32mINSERT INTO "ar_internal_metadata" ("key", "value", "created_at", "updated_at") VALUES (?, ?, ?, ?)[0m  [["key", "environment"], ["value", "development"], ["created_at", "2019-12-21 21:40:15.978781"], ["updated_at", "2019-12-21 21:40:15.978781"]]
  [1m[35m (0.5ms)[0m  [1m[36mcommit transaction[0m
  [1m[35m (0.2ms)[0m  [1m[34mSELECT "schema_migrations"."version" FROM "schema_migrations" ORDER BY "schema_migrations"."version" ASC[0m
  [1m[35m (0.1ms)[0m  [1m[34mSELECT "schema_migrations"."version" FROM "schema_migrations" ORDER BY "schema_migrations"."version" ASC[0m
  [1m[35m (0.0ms)[0m  [1m[36mbegin transaction[0m
  [1m[35mSQL (0.4ms)[0m  [1m[32mINSERT INTO "users" ("username", "first_name", "last_name") VALUES (?, ?, ?)[0m  [["username", "MattC"], ["first_name", "Matthew"], ["last_name", "Clark"]]
  [1m[35m (0.6ms)[0m  [1m[36mcommit transaction[0m
  [1m[35m (0.0ms)[0m  [1m[36mbegin transaction[0m
  [1m[35mSQL (0.3ms)[0m  [1m[32mINSERT INTO "users" ("username", "first_name", "last_name") VALUES (?, ?, ?)[0m  [["username", "Charles"], ["first_name", "Sergey"], ["last_name", "Dmitriev"]]
  [1m[35m (0.5ms)[0m  [1m[36mcommit transaction[0m
  [1m[35m (0.0ms)[0m  [1m[36mbegin transaction[0m
  [1m[35mSQL (0.3ms)[0m  [1m[32mINSERT INTO "tests" ("content", "language", "difficulty") VALUES (?, ?, ?)[0m  [["content", "Content for keyboard test"], ["language", "English"], ["difficulty", "Easy"]]
  [1m[35m (0.5ms)[0m  [1m[36mcommit transaction[0m
  [1m[35m (0.0ms)[0m  [1m[36mbegin transaction[0m
  [1m[35mSQL (0.3ms)[0m  [1m[32mINSERT INTO "tests" ("content", "language", "difficulty") VALUES (?, ?, ?)[0m  [["content", "Content for another test"], ["language", "Russian"], ["difficulty", "Medium"]]
  [1m[35m (0.5ms)[0m  [1m[36mcommit transaction[0m
  [1m[35m (0.0ms)[0m  [1m[36mbegin transaction[0m
  [1m[36mUser Load (0.2ms)[0m  [1m[34mSELECT  "users".* FROM "users" WHERE "users"."id" = ? LIMIT ?[0m  [["id", 1], ["LIMIT", 1]]
  [1m[36mTest Load (0.1ms)[0m  [1m[34mSELECT  "tests".* FROM "tests" WHERE "tests"."id" = ? LIMIT ?[0m  [["id", 1], ["LIMIT", 1]]
  [1m[35mSQL (0.3ms)[0m  [1m[32mINSERT INTO "test_sessions" ("user_id", "test_id") VALUES (?, ?)[0m  [["user_id", 1], ["test_id", 1]]
  [1m[35m (1.3ms)[0m  [1m[36mcommit transaction[0m
  [1m[35m (0.0ms)[0m  [1m[36mbegin transaction[0m
  [1m[36mUser Load (0.1ms)[0m  [1m[34mSELECT  "users".* FROM "users" WHERE "users"."id" = ? LIMIT ?[0m  [["id", 2], ["LIMIT", 1]]
  [1m[36mTest Load (0.0ms)[0m  [1m[34mSELECT  "tests".* FROM "tests" WHERE "tests"."id" = ? LIMIT ?[0m  [["id", 2], ["LIMIT", 1]]
  [1m[35mSQL (0.2ms)[0m  [1m[32mINSERT INTO "test_sessions" ("user_id", "test_id") VALUES (?, ?)[0m  [["user_id", 2], ["test_id", 2]]
  [1m[35m (1.1ms)[0m  [1m[36mcommit transaction[0m
  [1m[35m (0.0ms)[0m  [1m[36mbegin transaction[0m
  [1m[36mTestSession Load (0.2ms)[0m  [1m[34mSELECT  "test_sessions".* FROM "test_sessions" WHERE "test_sessions"."id" = ? LIMIT ?[0m  [["id", 1], ["LIMIT", 1]]
  [1m[35mSQL (0.3ms)[0m  [1m[32mINSERT INTO "reports" ("test_session_id", "grade", "improvements") VALUES (?, ?, ?)[0m  [["test_session_id", 1], ["grade", 100], ["improvements", "Speed, accuracy"]]
  [1m[35m (0.6ms)[0m  [1m[36mcommit transaction[0m
  [1m[35m (0.0ms)[0m  [1m[36mbegin transaction[0m
  [1m[36mTestSession Load (0.1ms)[0m  [1m[34mSELECT  "test_sessions".* FROM "test_sessions" WHERE "test_sessions"."id" = ? LIMIT ?[0m  [["id", 2], ["LIMIT", 1]]
  [1m[35mSQL (0.3ms)[0m  [1m[32mINSERT INTO "reports" ("test_session_id", "grade", "improvements") VALUES (?, ?, ?)[0m  [["test_session_id", 2], ["grade", 86], ["improvements", "Puctuation, accuracy"]]
  [1m[35m (0.5ms)[0m  [1m[36mcommit transaction[0m
  [1m[36mTest Load (1.0ms)[0m  [1m[34mSELECT  "tests".* FROM "tests" LIMIT ?[0m  [["LIMIT", 11]]
  [1m[36mTestSession Load (0.2ms)[0m  [1m[34mSELECT  "test_sessions".* FROM "test_sessions" LIMIT ?[0m  [["LIMIT", 11]]
  [1m[36mTestSession Load (0.3ms)[0m  [1m[34mSELECT  "test_sessions".* FROM "test_sessions" ORDER BY "test_sessions"."id" ASC LIMIT ?[0m  [["LIMIT", 1]]
  [1m[36mUser Load (0.1ms)[0m  [1m[34mSELECT  "users".* FROM "users" WHERE "users"."id" = ? LIMIT ?[0m  [["id", 1], ["LIMIT", 1]]
  [1m[36mTestSession Load (0.2ms)[0m  [1m[34mSELECT  "test_sessions".* FROM "test_sessions" ORDER BY "test_sessions"."id" ASC LIMIT ?[0m  [["LIMIT", 1]]
  [1m[36mTest Load (0.2ms)[0m  [1m[34mSELECT  "tests".* FROM "tests" WHERE "tests"."id" = ? LIMIT ?[0m  [["id", 1], ["LIMIT", 1]]
  [1m[36mUser Load (0.3ms)[0m  [1m[34mSELECT  "users".* FROM "users" ORDER BY "users"."id" ASC LIMIT ?[0m  [["LIMIT", 1]]
  [1m[36mTest Load (0.2ms)[0m  [1m[34mSELECT  "tests".* FROM "tests" INNER JOIN "test_sessions" ON "tests"."id" = "test_sessions"."test_id" WHERE "test_sessions"."user_id" = ? LIMIT ?[0m  [["user_id", 1], ["LIMIT", 11]]
  [1m[36mTest Load (0.3ms)[0m  [1m[34mSELECT  "tests".* FROM "tests" ORDER BY "tests"."id" ASC LIMIT ? OFFSET ?[0m  [["LIMIT", 1], ["OFFSET", 1]]
  [1m[36mUser Load (0.3ms)[0m  [1m[34mSELECT  "users".* FROM "users" INNER JOIN "test_sessions" ON "users"."id" = "test_sessions"."user_id" WHERE "test_sessions"."test_id" = ? LIMIT ?[0m  [["test_id", 2], ["LIMIT", 11]]
  [1m[36mTestSession Load (0.2ms)[0m  [1m[34mSELECT  "test_sessions".* FROM "test_sessions" ORDER BY "test_sessions"."id" ASC LIMIT ?[0m  [["LIMIT", 1]]
  [1m[36mTestSession Load (0.2ms)[0m  [1m[34mSELECT  "test_sessions".* FROM "test_sessions" ORDER BY "test_sessions"."id" ASC LIMIT ?[0m  [["LIMIT", 1]]
  [1m[36mTestSession Load (0.1ms)[0m  [1m[34mSELECT  "test_sessions".* FROM "test_sessions" ORDER BY "test_sessions"."id" ASC LIMIT ?[0m  [["LIMIT", 1]]
  [1m[36mTestSession Load (0.2ms)[0m  [1m[34mSELECT  "test_sessions".* FROM "test_sessions" ORDER BY "test_sessions"."id" ASC LIMIT ?[0m  [["LIMIT", 1]]
  [1m[36mReport Load (0.1ms)[0m  [1m[34mSELECT  "reports".* FROM "reports" WHERE "reports"."test_session_id" = ? LIMIT ?[0m  [["test_session_id", 1], ["LIMIT", 1]]
  [1m[36mTestSession Load (0.3ms)[0m  [1m[34mSELECT  "test_sessions".* FROM "test_sessions" ORDER BY "test_sessions"."id" ASC LIMIT ? OFFSET ?[0m  [["LIMIT", 1], ["OFFSET", 1]]
  [1m[36mReport Load (0.1ms)[0m  [1m[34mSELECT  "reports".* FROM "reports" WHERE "reports"."test_session_id" = ? LIMIT ?[0m  [["test_session_id", 2], ["LIMIT", 1]]
